Connecting to database specified by database.yml
Connecting to database specified by database.yml
  [1m[36m (0.2ms)[0m  [1mselect sqlite_version(*)[0m
  [1m[35m (2.4ms)[0m  CREATE TABLE "schema_migrations" ("version" varchar(255) NOT NULL) 
  [1m[36m (2.1ms)[0m  [1mCREATE UNIQUE INDEX "unique_schema_migrations" ON "schema_migrations" ("version")[0m
  [1m[35m (0.1ms)[0m  SELECT "schema_migrations"."version" FROM "schema_migrations" 
Migrating to CreateUsers (20130529020041)
  [1m[36m (0.1ms)[0m  [1mbegin transaction[0m
  [1m[35m (0.8ms)[0m  CREATE TABLE "users" ("id" INTEGER PRIMARY KEY AUTOINCREMENT NOT NULL, "name" varchar(255), "email" varchar(255), "created_at" datetime NOT NULL, "updated_at" datetime NOT NULL) 
  [1m[36m (0.2ms)[0m  [1mINSERT INTO "schema_migrations" ("version") VALUES ('20130529020041')[0m
  [1m[35m (2.0ms)[0m  commit transaction
  [1m[36m (0.1ms)[0m  [1mSELECT "schema_migrations"."version" FROM "schema_migrations" [0m


Started GET "/assets/rails.png" for 127.0.0.1 at 2013-05-28 22:01:37 -0400
Connecting to database specified by database.yml
Served asset /rails.png - 200 OK (7ms)


Started GET "/rails/info/properties" for 127.0.0.1 at 2013-05-28 22:01:57 -0400
  [1m[36m (0.1ms)[0m  [1mSELECT "schema_migrations"."version" FROM "schema_migrations" [0m
Processing by Rails::InfoController#properties as */*
  Rendered inline template (6.7ms)
Completed 200 OK in 68ms (Views: 67.5ms | ActiveRecord: 0.0ms)


Started GET "/users" for 127.0.0.1 at 2013-05-28 22:02:05 -0400
Processing by UsersController#index as HTML
  [1m[35mUser Load (0.1ms)[0m  SELECT "users".* FROM "users" 
  Rendered users/index.html.erb within layouts/application (1.3ms)
Compiled scaffolds.css  (53ms)  (pid 7157)
Compiled users.css  (2ms)  (pid 7157)
Compiled application.css  (82ms)  (pid 7157)
Compiled jquery.js  (3ms)  (pid 7157)
Compiled jquery_ujs.js  (0ms)  (pid 7157)
Compiled users.js  (346ms)  (pid 7157)
Compiled application.js  (459ms)  (pid 7157)
Completed 200 OK in 934ms (Views: 725.2ms | ActiveRecord: 0.6ms)


Started GET "/assets/scaffolds.css?body=1" for 127.0.0.1 at 2013-05-28 22:02:06 -0400
Served asset /scaffolds.css - 200 OK (8ms)


Started GET "/assets/jquery.js?body=1" for 127.0.0.1 at 2013-05-28 22:02:06 -0400
Served asset /jquery.js - 200 OK (6ms)


Started GET "/assets/users.css?body=1" for 127.0.0.1 at 2013-05-28 22:02:06 -0400
Served asset /users.css - 200 OK (2ms)


Started GET "/assets/application.css?body=1" for 127.0.0.1 at 2013-05-28 22:02:06 -0400
Served asset /application.css - 200 OK (6ms)


Started GET "/assets/jquery_ujs.js?body=1" for 127.0.0.1 at 2013-05-28 22:02:06 -0400
Served asset /jquery_ujs.js - 200 OK (6ms)


Started GET "/assets/users.js?body=1" for 127.0.0.1 at 2013-05-28 22:02:06 -0400
Served asset /users.js - 200 OK (2ms)


Started GET "/assets/application.js?body=1" for 127.0.0.1 at 2013-05-28 22:02:06 -0400
Served asset /application.js - 200 OK (12ms)


Started GET "/users/new" for 127.0.0.1 at 2013-05-28 22:02:17 -0400
Processing by UsersController#new as HTML
  Rendered users/_form.html.erb (61.1ms)
  Rendered users/new.html.erb within layouts/application (115.0ms)
Completed 200 OK in 128ms (Views: 121.4ms | ActiveRecord: 0.0ms)


Started GET "/assets/users.js?body=1" for 127.0.0.1 at 2013-05-28 22:02:17 -0400
Served asset /users.js - 304 Not Modified (0ms)


Started GET "/assets/scaffolds.css?body=1" for 127.0.0.1 at 2013-05-28 22:02:17 -0400
Served asset /scaffolds.css - 304 Not Modified (0ms)


Started GET "/assets/users.css?body=1" for 127.0.0.1 at 2013-05-28 22:02:17 -0400
Served asset /users.css - 304 Not Modified (0ms)


Started POST "/users" for 127.0.0.1 at 2013-05-28 22:02:23 -0400
Processing by UsersController#create as HTML
  Parameters: {"utf8"=>"✓", "authenticity_token"=>"HKBi+EgBsGeaBGJC3z5pvH55ws4/JhnYBJU2/08C0tA=", "user"=>{"name"=>"Joe", "email"=>"Schmoe"}, "commit"=>"Create User"}
  [1m[36m (0.2ms)[0m  [1mbegin transaction[0m
  [1m[35mSQL (84.1ms)[0m  INSERT INTO "users" ("created_at", "email", "name", "updated_at") VALUES (?, ?, ?, ?)  [["created_at", Wed, 29 May 2013 02:02:24 UTC +00:00], ["email", "Schmoe"], ["name", "Joe"], ["updated_at", Wed, 29 May 2013 02:02:24 UTC +00:00]]
  [1m[36m (2.1ms)[0m  [1mcommit transaction[0m
Redirected to http://localhost:3000/users/1
Completed 302 Found in 93ms (ActiveRecord: 86.4ms)


Started GET "/users/1" for 127.0.0.1 at 2013-05-28 22:02:24 -0400
Processing by UsersController#show as HTML
  Parameters: {"id"=>"1"}
  [1m[35mUser Load (0.4ms)[0m  SELECT "users".* FROM "users" WHERE "users"."id" = ? LIMIT 1  [["id", "1"]]
  Rendered users/show.html.erb within layouts/application (1.7ms)
Completed 200 OK in 12ms (Views: 8.3ms | ActiveRecord: 0.4ms)


Started GET "/assets/users.css?body=1" for 127.0.0.1 at 2013-05-28 22:02:24 -0400
Served asset /users.css - 304 Not Modified (0ms)


Started GET "/assets/users.js?body=1" for 127.0.0.1 at 2013-05-28 22:02:24 -0400
Served asset /users.js - 304 Not Modified (0ms)


Started GET "/assets/scaffolds.css?body=1" for 127.0.0.1 at 2013-05-28 22:02:24 -0400
Served asset /scaffolds.css - 304 Not Modified (0ms)


Started GET "/users/1/edit" for 127.0.0.1 at 2013-05-28 22:02:35 -0400
Processing by UsersController#edit as HTML
  Parameters: {"id"=>"1"}
  [1m[36mUser Load (0.2ms)[0m  [1mSELECT "users".* FROM "users" WHERE "users"."id" = ? LIMIT 1[0m  [["id", "1"]]
  Rendered users/_form.html.erb (3.2ms)
  Rendered users/edit.html.erb within layouts/application (5.2ms)
Completed 200 OK in 13ms (Views: 11.1ms | ActiveRecord: 0.2ms)


Started GET "/assets/scaffolds.css?body=1" for 127.0.0.1 at 2013-05-28 22:02:35 -0400
Served asset /scaffolds.css - 304 Not Modified (0ms)


Started GET "/assets/users.js?body=1" for 127.0.0.1 at 2013-05-28 22:02:35 -0400
Served asset /users.js - 304 Not Modified (0ms)


Started GET "/assets/users.css?body=1" for 127.0.0.1 at 2013-05-28 22:02:35 -0400
Served asset /users.css - 304 Not Modified (0ms)


Started PUT "/users/1" for 127.0.0.1 at 2013-05-28 22:02:51 -0400
Processing by UsersController#update as HTML
  Parameters: {"utf8"=>"✓", "authenticity_token"=>"HKBi+EgBsGeaBGJC3z5pvH55ws4/JhnYBJU2/08C0tA=", "user"=>{"name"=>"Joe Schmoe", "email"=>"Joe@schmoe.com"}, "commit"=>"Update User", "id"=>"1"}
  [1m[35mUser Load (0.2ms)[0m  SELECT "users".* FROM "users" WHERE "users"."id" = ? LIMIT 1  [["id", "1"]]
  [1m[36m (0.1ms)[0m  [1mbegin transaction[0m
  [1m[35m (0.5ms)[0m  UPDATE "users" SET "name" = 'Joe Schmoe', "email" = 'Joe@schmoe.com', "updated_at" = '2013-05-29 02:02:51.606209' WHERE "users"."id" = 1
  [1m[36m (1.8ms)[0m  [1mcommit transaction[0m
Redirected to http://localhost:3000/users/1
Completed 302 Found in 9ms (ActiveRecord: 2.5ms)


Started GET "/users/1" for 127.0.0.1 at 2013-05-28 22:02:51 -0400
Processing by UsersController#show as HTML
  Parameters: {"id"=>"1"}
  [1m[35mUser Load (0.4ms)[0m  SELECT "users".* FROM "users" WHERE "users"."id" = ? LIMIT 1  [["id", "1"]]
  Rendered users/show.html.erb within layouts/application (0.8ms)
Completed 200 OK in 11ms (Views: 7.1ms | ActiveRecord: 0.4ms)


Started GET "/assets/users.css?body=1" for 127.0.0.1 at 2013-05-28 22:02:51 -0400
Served asset /users.css - 304 Not Modified (0ms)


Started GET "/assets/users.js?body=1" for 127.0.0.1 at 2013-05-28 22:02:51 -0400
Served asset /users.js - 304 Not Modified (0ms)


Started GET "/assets/scaffolds.css?body=1" for 127.0.0.1 at 2013-05-28 22:02:51 -0400
Served asset /scaffolds.css - 304 Not Modified (0ms)


Started GET "/users" for 127.0.0.1 at 2013-05-28 22:02:52 -0400
Processing by UsersController#index as HTML
  [1m[36mUser Load (0.2ms)[0m  [1mSELECT "users".* FROM "users" [0m
  Rendered users/index.html.erb within layouts/application (1.6ms)
Completed 200 OK in 8ms (Views: 7.2ms | ActiveRecord: 0.2ms)


Started GET "/assets/scaffolds.css?body=1" for 127.0.0.1 at 2013-05-28 22:02:52 -0400
Served asset /scaffolds.css - 304 Not Modified (0ms)


Started GET "/assets/users.css?body=1" for 127.0.0.1 at 2013-05-28 22:02:52 -0400
Served asset /users.css - 304 Not Modified (0ms)


Started GET "/assets/users.js?body=1" for 127.0.0.1 at 2013-05-28 22:02:52 -0400
Served asset /users.js - 304 Not Modified (0ms)
Connecting to database specified by database.yml
Connecting to database specified by database.yml
  [1m[36m (0.1ms)[0m  [1mSELECT "schema_migrations"."version" FROM "schema_migrations" [0m
Migrating to CreateUsers (20130529020041)
Migrating to CreateMicroposts (20130529020805)
  [1m[35m (0.1ms)[0m  select sqlite_version(*)
  [1m[36m (0.1ms)[0m  [1mbegin transaction[0m
  [1m[35m (0.7ms)[0m  CREATE TABLE "microposts" ("id" INTEGER PRIMARY KEY AUTOINCREMENT NOT NULL, "content" varchar(255), "user_id" integer, "created_at" datetime NOT NULL, "updated_at" datetime NOT NULL) 
  [1m[36m (0.2ms)[0m  [1mINSERT INTO "schema_migrations" ("version") VALUES ('20130529020805')[0m
  [1m[35m (1.8ms)[0m  commit transaction
  [1m[36m (0.1ms)[0m  [1mSELECT "schema_migrations"."version" FROM "schema_migrations" [0m
